
Showing logs for build [32mcb-kubecd-node-demo-js-15-maste-p48tt-4[0m stage [32mfrom-build-pack[0m and container [32mstep-credential-initializer-qgqmc[0m
{"level":"info","ts":1588588104.008081,"logger":"fallback-logger","caller":"logging/config.go:69","msg":"Fetch GitHub commit ID from kodata failed: open /var/run/ko/refs/heads/0.8.0-ns-support: no such file or directory"}
{"level":"info","ts":1588588104.0085754,"logger":"fallback-logger","caller":"creds-init/main.go:40","msg":"Credentials initialized."}

Showing logs for build [32mcb-kubecd-node-demo-js-15-maste-p48tt-4[0m stage [32mfrom-build-pack[0m and container [32mstep-working-dir-initializer-zrv5x[0m
{"level":"info","ts":1588588105.0404394,"logger":"fallback-logger","caller":"logging/config.go:69","msg":"Fetch GitHub commit ID from kodata failed: open /var/run/ko/HEAD: no such file or directory"}
{"level":"info","ts":1588588105.0414577,"logger":"fallback-logger","caller":"bash/main.go:64","msg":"Successfully executed command \"sh -c mkdir -p /workspace/source\"; output "}

Showing logs for build [32mcb-kubecd-node-demo-js-15-maste-p48tt-4[0m stage [32mfrom-build-pack[0m and container [32mstep-place-tools[0m

Showing logs for build [32mcb-kubecd-node-demo-js-15-maste-p48tt-4[0m stage [32mfrom-build-pack[0m and container [32mstep-git-source-cb-kubecd-node-demo-js-15-maste-p48tt-2xng7[0m
{"level":"info","ts":1588588138.2061036,"logger":"fallback-logger","caller":"logging/config.go:69","msg":"Fetch GitHub commit ID from kodata failed: open /var/run/ko/refs/heads/0.8.0-ns-support: no such file or directory"}
{"level":"info","ts":1588588139.3240573,"logger":"fallback-logger","caller":"git/git.go:103","msg":"Successfully cloned https://github.com/cb-kubecd/node-demo-js-15.git @ v1.0.3 in path /workspace/source"}

Showing logs for build [32mcb-kubecd-node-demo-js-15-maste-p48tt-4[0m stage [32mfrom-build-pack[0m and container [32mstep-git-merge[0m
Using SHAs from PULL_REFS=master:28b29edef4be03de71134fd59795d27bdf79b286
WARNING: no SHAs to merge, falling back to initial cloned commit

Showing logs for build [32mcb-kubecd-node-demo-js-15-maste-p48tt-4[0m stage [32mfrom-build-pack[0m and container [32mstep-setup-jx-git-credentials[0m
Generated Git credentials file /workspace/xdg_config/git/credentials

Showing logs for build [32mcb-kubecd-node-demo-js-15-maste-p48tt-4[0m stage [32mfrom-build-pack[0m and container [32mstep-build-npmrc[0m
Command "credential" is deprecated, it will be removed on Jun 1 2020.  This is replaced by Tekton's mounted secrets
WARNING: failed to find Secret npm-token in namespace **

Showing logs for build [32mcb-kubecd-node-demo-js-15-maste-p48tt-4[0m stage [32mfrom-build-pack[0m and container [32mstep-build-npm-install[0m
npm notice created a lockfile as package-lock.json. You should commit this file.
npm WARN REPLACE_ME@1.0.3 No repository field.
npm WARN REPLACE_ME@1.0.3 No license field.

up to date in 2.399s
found 0 vulnerabilities


Showing logs for build [32mcb-kubecd-node-demo-js-15-maste-p48tt-4[0m stage [32mfrom-build-pack[0m and container [32mstep-build-npm-test[0m

> REPLACE_ME@1.0.3 test /workspace/source
> echo "no test specified" && exit 0

no test specified

Showing logs for build [32mcb-kubecd-node-demo-js-15-maste-p48tt-4[0m stage [32mfrom-build-pack[0m and container [32mstep-build-container-build[0m
ERROR: logging before flag.Parse: E0504 10:29:16.510529      11 metadata.go:241] Failed to unmarshal scopes: in***** character 'h' looking for beginning of value
[36mINFO[0m[0001] Resolved base name node:9-slim to node:9-slim 
[36mINFO[0m[0001] Using dockerignore file: /workspace/source/.dockerignore 
[36mINFO[0m[0001] Resolved base name node:9-slim to node:9-slim 
[36mINFO[0m[0001] Retrieving image manifest node:9-slim        
ERROR: logging before flag.Parse: E0504 10:29:17.282339      11 metadata.go:142] while reading 'google-dockercfg' metadata: http status code: 404 while fetching url http://metadata.google.internal./computeMetadata/v1/instance/attributes/google-dockercfg
ERROR: logging before flag.Parse: E0504 10:29:17.284343      11 metadata.go:159] while reading 'google-dockercfg-url' metadata: http status code: 404 while fetching url http://metadata.google.internal./computeMetadata/v1/instance/attributes/google-dockercfg-url
[36mINFO[0m[0002] Retrieving image manifest node:9-slim        
[36mINFO[0m[0003] Built cross stage deps: map[]                
[36mINFO[0m[0003] Retrieving image manifest node:9-slim        
[36mINFO[0m[0004] Retrieving image manifest node:9-slim        
[36mINFO[0m[0005] cmd: EXPOSE                                  
[36mINFO[0m[0005] Adding exposed port: 8080/tcp                
[36mINFO[0m[0005] Checking for cached layer gcr.io/jstrachan-multicluster/cache:6fc802eb64a5e1e22171ddb7e6fdfa40eeb9ce8bfc05db2387f0c3e5e9fb0a7b... 
[36mINFO[0m[0005] No cached layer found for cmd COPY . .       
[36mINFO[0m[0005] Unpacking rootfs as cmd COPY . . requires it. 
[36mINFO[0m[0010] Taking snapshot of full filesystem...        
[36mINFO[0m[0012] Resolving paths                              
[36mINFO[0m[0013] ENV PORT 8080                                
[36mINFO[0m[0013] No files changed in this command, skipping snapshotting. 
[36mINFO[0m[0013] EXPOSE 8080                                  
[36mINFO[0m[0013] cmd: EXPOSE                                  
[36mINFO[0m[0013] Adding exposed port: 8080/tcp                
[36mINFO[0m[0013] No files changed in this command, skipping snapshotting. 
[36mINFO[0m[0013] WORKDIR /usr/src/app                         
[36mINFO[0m[0013] cmd: workdir                                 
[36mINFO[0m[0013] Changed working directory to /usr/src/app    
[36mINFO[0m[0013] Creating directory /usr/src/app              
[36mINFO[0m[0013] Resolving paths                              
[36mINFO[0m[0013] Taking snapshot of files...                  
[36mINFO[0m[0013] COPY . .                                     
[36mINFO[0m[0013] Resolving paths                              
[36mINFO[0m[0013] Taking snapshot of files...                  
[36mINFO[0m[0013] Pushing layer gcr.io/jstrachan-multicluster/cache:6fc802eb64a5e1e22171ddb7e6fdfa40eeb9ce8bfc05db2387f0c3e5e9fb0a7b to cache now 
[36mINFO[0m[0013] CMD ["npm", "start"]                         
[36mINFO[0m[0013] No files changed in this command, skipping snapshotting. 

Showing logs for build [32mcb-kubecd-node-demo-js-15-maste-p48tt-4[0m stage [32mfrom-build-pack[0m and container [32mstep-promote-changelog[0m
Converted /workspace/source/charts/node-demo-js-15 to an unshallow repository
Generating change log from git ref ae77381dad11b8c9dc4353ead3e7f4b7c1cc8916 => 9899f897cf221cf9f3b58e6ec1ad9e15dccecdca
Associating user x-0 in users.jenkins.io with email jenkins-x@googlegroups.com to git GitProvider user with login -0 as emails match
Adding label jenkins.io/git-github-userid=-0 to user x-0 in users.jenkins.io
WARNING: Failed to enrich commit bf4e2defeee5575fe8f813e7465460158078e521 with issues: User.jenkins.io "x-0" is in*****: metadata.labels: In***** value: "-0": a ***** label must be an empty string or consist of alphanumeric characters, '-', '_' or '.', and must start and end with an alphanumeric character (e.g. 'MyValue',  or 'my_value',  or '12345', regex used for *****ation is '(([A-Za-z0-9][-A-Za-z0-9_.]*)?[A-Za-z0-9])?')
Associating user x-0 in users.jenkins.io with email jenkins-x@googlegroups.com to git GitProvider user with login -0 as emails match
Adding label jenkins.io/git-github-userid=-0 to user x-0 in users.jenkins.io
WARNING: Failed to enrich commit bf4e2defeee5575fe8f813e7465460158078e521 with issues: User.jenkins.io "x-0" is in*****: metadata.labels: In***** value: "-0": a ***** label must be an empty string or consist of alphanumeric characters, '-', '_' or '.', and must start and end with an alphanumeric character (e.g. 'MyValue',  or 'my_value',  or '12345', regex used for *****ation is '(([A-Za-z0-9][-A-Za-z0-9_.]*)?[A-Za-z0-9])?')
Finding issues in commit messages using git format
Associating user jstrachan in users.jenkins.io with email james.strachan@gmail.com to git GitProvider user with login -0 as emails match
Adding label jenkins.io/git-github-userid=-0 to user jstrachan in users.jenkins.io
WARNING: Failed to enrich commit 28b29edef4be03de71134fd59795d27bdf79b286 with issues: User.jenkins.io "jstrachan" is in*****: metadata.labels: In***** value: "-0": a ***** label must be an empty string or consist of alphanumeric characters, '-', '_' or '.', and must start and end with an alphanumeric character (e.g. 'MyValue',  or 'my_value',  or '12345', regex used for *****ation is '(([A-Za-z0-9][-A-Za-z0-9_.]*)?[A-Za-z0-9])?')
WARNING: Failed to enrich commit 28b29edef4be03de71134fd59795d27bdf79b286 with issues: users.jenkins.io "x-0" already exists
WARNING: No release found for cb-kubecd/node-demo-js-15 and tag v1.0.3 so creating a new release
Updated the release information at https://github.com/cb-kubecd/node-demo-js-15/releases/tag/v1.0.3
generated: /workspace/source/charts/node-demo-js-15/templates/release.yaml
Created Release node-demo-js-15-1-0-3 resource in namespace **
Updating PipelineActivity cb-kubecd-node-demo-js-15-master-4 with version 1.0.3
Updated PipelineActivities cb-kubecd-node-demo-js-15-master-4 with release notes URL: https://github.com/cb-kubecd/node-demo-js-15/releases/tag/v1.0.3

Showing logs for build [32mcb-kubecd-node-demo-js-15-maste-p48tt-4[0m stage [32mfrom-build-pack[0m and container [32mstep-promote-helm-release[0m
WARNING: No $CHART_REPOSITORY defined so using the default value of: http://jenkins-x-chartmuseum:8080
Adding missing Helm repo: storage.googleapis.com https://storage.googleapis.com/chartmuseum.jenkins-x.io
Successfully added Helm repository storage.googleapis.com.
Adding missing Helm repo: jenkins-x-chartmuseum http://jenkins-x-chartmuseum:8080
Successfully added Helm repository jenkins-x-chartmuseum.
WARNING: No $CHART_REPOSITORY defined so using the default value of: http://jenkins-x-chartmuseum:8080
Uploading chart file node-demo-js-15-1.0.3.tgz to http://jenkins-x-chartmuseum:8080/api/charts
Received 201 response: {"saved":true}

Showing logs for build [32mcb-kubecd-node-demo-js-15-maste-p48tt-4[0m stage [32mfrom-build-pack[0m and container [32mstep-promote-jx-promote[0m
WARNING: prow based install so skip waiting for the merge of Pull Requests to go green as currently there is an issue with gettingstatuses from the PR, see https://github.com/jenkins-x/**/issues/2410
WARNING: No $CHART_REPOSITORY defined so using the default value of: http://jenkins-x-chartmuseum:8080
Promoting app node-demo-js-15 version 1.0.3 to namespace **-staging
WARNING: could not find upstream git URL failed to unmarshal  due to no GitConfDir defined
pushed merged branch promote-node-demo-js-15-1.0.3
Created Pull Request: https://github.com/cb-kubecd/environment-bootv3-demo-staging/pull/20
Added label updatebot to Pull Request https://github.com/cb-kubecd/environment-bootv3-demo-staging/pull/20
WARNING: Failed to query the Pull Request last commit status for https://github.com/cb-kubecd/environment-bootv3-demo-staging/pull/20 ref a500f171a637508d0ac4835a2fc7c9314f3aa3d6 Could not find a status for repository cb-kubecd/environment-bootv3-demo-staging with ref a500f171a637508d0ac4835a2fc7c9314f3aa3d6
got git provider status pending from PR https://github.com/cb-kubecd/environment-bootv3-demo-staging/pull/20
got git provider status pending from PR https://github.com/cb-kubecd/environment-bootv3-demo-staging/pull/20
Pull Request https://github.com/cb-kubecd/environment-bootv3-demo-staging/pull/20 is merged at sha 2c08aa94a29ebd7782238f99546b9caa733b8f75
Pull Request merged but we are not waiting for the update pipeline to complete!
